# JRE version: Java(TM) SE Runtime Environment (8.0_66-b17) (build 1.8.0_66-b17)
# Java VM: Java HotSpot(TM) 64-Bit Server VM (25.66-b17 mixed mode linux-amd64 compressed oops)
Heap:
 PSYoungGen      total 364032K, used 74656K [0x00000000d7000000, 0x00000000fc280000, 0x0000000100000000)
  eden space 140288K, 0% used [0x00000000d7000000,0x00000000d7000000,0x00000000df900000)
  from space 223744K, 33% used [0x00000000df900000,0x00000000e41e8000,0x00000000ed380000)
  to   space 223744K, 0% used [0x00000000ee800000,0x00000000ee800000,0x00000000fc280000)
 ParOldGen       total 1095680K, used 1007148K [0x0000000085000000, 0x00000000c7e00000, 0x00000000d7000000)
  object space 1095680K, 91% used [0x0000000085000000,0x00000000c278b3e8,0x00000000c7e00000)
 Metaspace       used 10746K, capacity 10944K, committed 11136K, reserved 1058816K
  class space    used 1303K, capacity 1368K, committed 1408K, reserved 1048576K
GC Heap History (10 events):
Event: 14.230 GC heap after
Heap after GC invocations=20 (full 5):
 PSYoungGen      total 325632K, used 77124K [0x00000000d7000000, 0x00000000fa100000, 0x0000000100000000)
  eden space 101888K, 0% used [0x00000000d7000000,0x00000000d7000000,0x00000000dd380000)
  from space 223744K, 34% used [0x00000000dd380000,0x00000000e1ed13c8,0x00000000eae00000)
  to   space 223744K, 0% used [0x00000000ec680000,0x00000000ec680000,0x00000000fa100000)
 ParOldGen       total 1095680K, used 739156K [0x0000000085000000, 0x00000000c7e00000, 0x00000000d7000000)
  object space 1095680K, 67% used [0x0000000085000000,0x00000000b21d53e8,0x00000000c7e00000)
 Metaspace       used 10739K, capacity 10880K, committed 11136K, reserved 1058816K
  class space    used 1302K, capacity 1368K, committed 1408K, reserved 1048576K
}
Event: 14.359 GC heap before
{Heap before GC invocations=21 (full 5):
 PSYoungGen      total 325632K, used 179012K [0x00000000d7000000, 0x00000000fa100000, 0x0000000100000000)
  eden space 101888K, 100% used [0x00000000d7000000,0x00000000dd380000,0x00000000dd380000)
  from space 223744K, 34% used [0x00000000dd380000,0x00000000e1ed13c8,0x00000000eae00000)
  to   space 223744K, 0% used [0x00000000ec680000,0x00000000ec680000,0x00000000fa100000)
 ParOldGen       total 1095680K, used 739156K [0x0000000085000000, 0x00000000c7e00000, 0x00000000d7000000)
  object space 1095680K, 67% used [0x0000000085000000,0x00000000b21d53e8,0x00000000c7e00000)
 Metaspace       used 10744K, capacity 10944K, committed 11136K, reserved 1058816K
  class space    used 1302K, capacity 1368K, committed 1408K, reserved 1048576K
Event: 14.588 GC heap after
Heap after GC invocations=21 (full 5):
 PSYoungGen      total 342528K, used 58880K [0x00000000d7000000, 0x00000000f9d00000, 0x0000000100000000)
  eden space 122880K, 0% used [0x00000000d7000000,0x00000000d7000000,0x00000000de800000)
  from space 219648K, 26% used [0x00000000ec680000,0x00000000f0000000,0x00000000f9d00000)
  to   space 223744K, 0% used [0x00000000de800000,0x00000000de800000,0x00000000ec280000)
 ParOldGen       total 1095680K, used 816620K [0x0000000085000000, 0x00000000c7e00000, 0x00000000d7000000)
  object space 1095680K, 74% used [0x0000000085000000,0x00000000b6d7b3e8,0x00000000c7e00000)
 Metaspace       used 10744K, capacity 10944K, committed 11136K, reserved 1058816K
  class space    used 1302K, capacity 1368K, committed 1408K, reserved 1048576K
}
Event: 14.741 GC heap before
{Heap before GC invocations=22 (full 5):
 PSYoungGen      total 342528K, used 181760K [0x00000000d7000000, 0x00000000f9d00000, 0x0000000100000000)
  eden space 122880K, 100% used [0x00000000d7000000,0x00000000de800000,0x00000000de800000)
  from space 219648K, 26% used [0x00000000ec680000,0x00000000f0000000,0x00000000f9d00000)
  to   space 223744K, 0% used [0x00000000de800000,0x00000000de800000,0x00000000ec280000)
 ParOldGen       total 1095680K, used 816620K [0x0000000085000000, 0x00000000c7e00000, 0x00000000d7000000)
  object space 1095680K, 74% used [0x0000000085000000,0x00000000b6d7b3e8,0x00000000c7e00000)
 Metaspace       used 10744K, capacity 10944K, committed 11136K, reserved 1058816K
  class space    used 1302K, capacity 1368K, committed 1408K, reserved 1048576K
Event: 14.838 GC heap after
Heap after GC invocations=22 (full 5):
 PSYoungGen      total 346624K, used 66528K [0x00000000d7000000, 0x00000000fae00000, 0x0000000100000000)
  eden space 122880K, 0% used [0x00000000d7000000,0x00000000d7000000,0x00000000de800000)
  from space 223744K, 29% used [0x00000000de800000,0x00000000e28f8000,0x00000000ec280000)
  to   space 223744K, 0% used [0x00000000ed380000,0x00000000ed380000,0x00000000fae00000)
 ParOldGen       total 1095680K, used 875564K [0x0000000085000000, 0x00000000c7e00000, 0x00000000d7000000)
  object space 1095680K, 79% used [0x0000000085000000,0x00000000ba70b3e8,0x00000000c7e00000)
 Metaspace       used 10744K, capacity 10944K, committed 11136K, reserved 1058816K
  class space    used 1302K, capacity 1368K, committed 1408K, reserved 1048576K
}
Event: 14.991 GC heap before
{Heap before GC invocations=23 (full 5):
 PSYoungGen      total 346624K, used 189408K [0x00000000d7000000, 0x00000000fae00000, 0x0000000100000000)
  eden space 122880K, 100% used [0x00000000d7000000,0x00000000de800000,0x00000000de800000)
  from space 223744K, 29% used [0x00000000de800000,0x00000000e28f8000,0x00000000ec280000)
  to   space 223744K, 0% used [0x00000000ed380000,0x00000000ed380000,0x00000000fae00000)
 ParOldGen       total 1095680K, used 875564K [0x0000000085000000, 0x00000000c7e00000, 0x00000000d7000000)
  object space 1095680K, 79% used [0x0000000085000000,0x00000000ba70b3e8,0x00000000c7e00000)
 Metaspace       used 10746K, capacity 10944K, committed 11136K, reserved 1058816K
  class space    used 1303K, capacity 1368K, committed 1408K, reserved 1048576K
Event: 15.094 GC heap after
Heap after GC invocations=23 (full 5):
 PSYoungGen      total 364032K, used 64896K [0x00000000d7000000, 0x00000000fae80000, 0x0000000100000000)
  eden space 140288K, 0% used [0x00000000d7000000,0x00000000d7000000,0x00000000df900000)
  from space 223744K, 29% used [0x00000000ed380000,0x00000000f12e0000,0x00000000fae00000)
  to   space 223744K, 0% used [0x00000000df900000,0x00000000df900000,0x00000000ed380000)
 ParOldGen       total 1095680K, used 942188K [0x0000000085000000, 0x00000000c7e00000, 0x00000000d7000000)
  object space 1095680K, 85% used [0x0000000085000000,0x00000000be81b3e8,0x00000000c7e00000)
 Metaspace       used 10746K, capacity 10944K, committed 11136K, reserved 1058816K
  class space    used 1303K, capacity 1368K, committed 1408K, reserved 1048576K
}
Event: 15.265 GC heap before
{Heap before GC invocations=24 (full 5):
 PSYoungGen      total 364032K, used 205184K [0x00000000d7000000, 0x00000000fae80000, 0x0000000100000000)
  eden space 140288K, 100% used [0x00000000d7000000,0x00000000df900000,0x00000000df900000)
  from space 223744K, 29% used [0x00000000ed380000,0x00000000f12e0000,0x00000000fae00000)
  to   space 223744K, 0% used [0x00000000df900000,0x00000000df900000,0x00000000ed380000)
 ParOldGen       total 1095680K, used 942188K [0x0000000085000000, 0x00000000c7e00000, 0x00000000d7000000)
  object space 1095680K, 85% used [0x0000000085000000,0x00000000be81b3e8,0x00000000c7e00000)
 Metaspace       used 10746K, capacity 10944K, committed 11136K, reserved 1058816K
  class space    used 1303K, capacity 1368K, committed 1408K, reserved 1048576K
Event: 15.371 GC heap after
Heap after GC invocations=24 (full 5):
 PSYoungGen      total 364032K, used 74656K [0x00000000d7000000, 0x00000000fc280000, 0x0000000100000000)
  eden space 140288K, 0% used [0x00000000d7000000,0x00000000d7000000,0x00000000df900000)
  from space 223744K, 33% used [0x00000000df900000,0x00000000e41e8000,0x00000000ed380000)
  to   space 223744K, 0% used [0x00000000ee800000,0x00000000ee800000,0x00000000fc280000)
 ParOldGen       total 1095680K, used 1007148K [0x0000000085000000, 0x00000000c7e00000, 0x00000000d7000000)
  object space 1095680K, 91% used [0x0000000085000000,0x00000000c278b3e8,0x00000000c7e00000)
 Metaspace       used 10746K, capacity 10944K, committed 11136K, reserved 1058816K
  class space    used 1303K, capacity 1368K, committed 1408K, reserved 1048576K
}
Event: 15.371 GC heap before
{Heap before GC invocations=25 (full 6):
 PSYoungGen      total 364032K, used 74656K [0x00000000d7000000, 0x00000000fc280000, 0x0000000100000000)
  eden space 140288K, 0% used [0x00000000d7000000,0x00000000d7000000,0x00000000df900000)
  from space 223744K, 33% used [0x00000000df900000,0x00000000e41e8000,0x00000000ed380000)
  to   space 223744K, 0% used [0x00000000ee800000,0x00000000ee800000,0x00000000fc280000)
 ParOldGen       total 1095680K, used 1007148K [0x0000000085000000, 0x00000000c7e00000, 0x00000000d7000000)
  object space 1095680K, 91% used [0x0000000085000000,0x00000000c278b3e8,0x00000000c7e00000)
 Metaspace       used 10746K, capacity 10944K, committed 11136K, reserved 1058816K
  class space    used 1303K, capacity 1368K, committed 1408K, reserved 1048576K

